  MWDApplication.cpp
C:\Users\InputWindy\Desktop\MyRenderer\MWDEngine\MWDApplication\MWDShader.h(49,40): warning C4101: “e”: 未引用的局部变量
C:\Users\InputWindy\Desktop\MyRenderer\MWDEngine\MWDApplication\MWDModel.h(24,1): warning C4267: “初始化”: 从“size_t”转换到“int”，可能丢失数据
C:\Users\InputWindy\Desktop\MyRenderer\MWDEngine\MWDApplication\MWDModel.h(176,27): warning C4018: “<”: 有符号/无符号不匹配
C:\Users\InputWindy\Desktop\MyRenderer\MWDEngine\MWDApplication\MWDRenderer.h(261,1): warning C4305: “参数”: 从“double”到“GLfloat”截断
C:\Users\InputWindy\Desktop\MyRenderer\MWDEngine\MWDApplication\MWDRenderer.h(394,1): warning C4267: “参数”: 从“size_t”转换到“GLsizei”，可能丢失数据
C:\Users\InputWindy\Desktop\MyRenderer\MWDEngine\MWDApplication\MWDApplication.cpp(162,22): warning C4244: “初始化”: 从“double”转换到“float”，可能丢失数据
C:\Users\InputWindy\Desktop\MyRenderer\MWDEngine\MWDApplication\MWDApplication.cpp(204,11): warning C4244: “=”: 从“double”转换到“float”，可能丢失数据
C:\Users\InputWindy\Desktop\MyRenderer\MWDEngine\MWDApplication\MWDApplication.cpp(205,11): warning C4244: “=”: 从“double”转换到“float”，可能丢失数据
C:\Users\InputWindy\Desktop\MyRenderer\MWDEngine\MWDApplication\MWDApplication.cpp(209,16): warning C4244: “初始化”: 从“double”转换到“float”，可能丢失数据
C:\Users\InputWindy\Desktop\MyRenderer\MWDEngine\MWDApplication\MWDApplication.cpp(210,16): warning C4244: “初始化”: 从“double”转换到“float”，可能丢失数据
C:\Users\InputWindy\Desktop\MyRenderer\MWDEngine\MWDApplication\MWDApplication.cpp(212,10): warning C4244: “=”: 从“double”转换到“float”，可能丢失数据
C:\Users\InputWindy\Desktop\MyRenderer\MWDEngine\MWDApplication\MWDApplication.cpp(213,10): warning C4244: “=”: 从“double”转换到“float”，可能丢失数据
C:\Users\InputWindy\Desktop\MyRenderer\MWDEngine\MWDApplication\MWDApplication.cpp(223,28): warning C4244: “参数”: 从“double”转换到“float”，可能丢失数据
  MWDMesh.cpp
C:\Users\InputWindy\Desktop\MyRenderer\MWDEngine\MWDApplication\MWDShader.h(49,40): warning C4101: “e”: 未引用的局部变量
C:\Users\InputWindy\Desktop\MyRenderer\MWDEngine\MWDApplication\MWDRenderer.h(261,1): warning C4305: “参数”: 从“double”到“GLfloat”截断
C:\Users\InputWindy\Desktop\MyRenderer\MWDEngine\MWDApplication\MWDRenderer.h(394,1): warning C4267: “参数”: 从“size_t”转换到“GLsizei”，可能丢失数据
C:\Users\InputWindy\Desktop\MyRenderer\MWDEngine\MWDApplication\MWDModel.h(24,1): warning C4267: “初始化”: 从“size_t”转换到“int”，可能丢失数据
C:\Users\InputWindy\Desktop\MyRenderer\MWDEngine\MWDApplication\MWDModel.h(176,27): warning C4018: “<”: 有符号/无符号不匹配
  MWDModel.cpp
C:\Users\InputWindy\Desktop\MyRenderer\MWDEngine\MWDApplication\MWDShader.h(49,40): warning C4101: “e”: 未引用的局部变量
C:\Users\InputWindy\Desktop\MyRenderer\MWDEngine\MWDApplication\MWDModel.h(24,1): warning C4267: “初始化”: 从“size_t”转换到“int”，可能丢失数据
C:\Users\InputWindy\Desktop\MyRenderer\MWDEngine\MWDApplication\MWDModel.h(176,27): warning C4018: “<”: 有符号/无符号不匹配
C:\Users\InputWindy\Desktop\MyRenderer\MWDEngine\MWDApplication\MWDRenderer.h(261,1): warning C4305: “参数”: 从“double”到“GLfloat”截断
C:\Users\InputWindy\Desktop\MyRenderer\MWDEngine\MWDApplication\MWDRenderer.h(394,1): warning C4267: “参数”: 从“size_t”转换到“GLsizei”，可能丢失数据
  正在生成代码...
  MWDApplication.vcxproj -> C:\Users\InputWindy\Desktop\MyRenderer\MWDEngine\x64\Debug\MWDApplication.exe
